{"/home/z/my-project/src/lib/design-tokens.ts": {"path":"/home/z/my-project/src/lib/design-tokens.ts","statementMap":{"0":{"start":{"line":31,"column":29},"end":{"line":52,"column":null}},"1":{"start":{"line":55,"column":34},"end":{"line":79,"column":null}},"2":{"start":{"line":82,"column":31},"end":{"line":102,"column":null}},"3":{"start":{"line":105,"column":30},"end":{"line":119,"column":null}},"4":{"start":{"line":122,"column":30},"end":{"line":140,"column":null}},"5":{"start":{"line":143,"column":30},"end":{"line":158,"column":null}},"6":{"start":{"line":161,"column":31},"end":{"line":173,"column":null}},"7":{"start":{"line":176,"column":33},"end":{"line":189,"column":null}},"8":{"start":{"line":192,"column":30},"end":{"line":209,"column":null}},"9":{"start":{"line":212,"column":34},"end":{"line":224,"column":null}},"10":{"start":{"line":227,"column":33},"end":{"line":245,"column":null}},"11":{"start":{"line":248,"column":30},"end":{"line":265,"column":null}},"12":{"start":{"line":268,"column":45},"end":{"line":281,"column":null}},"13":{"start":{"line":290,"column":2},"end":{"line":290,"column":null}},"14":{"start":{"line":298,"column":26},"end":{"line":298,"column":null}},"15":{"start":{"line":299,"column":2},"end":{"line":305,"column":null}},"16":{"start":{"line":300,"column":4},"end":{"line":300,"column":null}},"17":{"start":{"line":301,"column":4},"end":{"line":303,"column":null}},"18":{"start":{"line":302,"column":6},"end":{"line":302,"column":null}},"19":{"start":{"line":304,"column":4},"end":{"line":304,"column":null}},"20":{"start":{"line":306,"column":2},"end":{"line":306,"column":null}},"21":{"start":{"line":307,"column":2},"end":{"line":307,"column":null}},"22":{"start":{"line":315,"column":50},"end":{"line":328,"column":null}},"23":{"start":{"line":330,"column":83},"end":{"line":330,"column":null}},"24":{"start":{"line":331,"column":2},"end":{"line":337,"column":null}},"25":{"start":{"line":332,"column":4},"end":{"line":332,"column":null}},"26":{"start":{"line":333,"column":17},"end":{"line":333,"column":null}},"27":{"start":{"line":334,"column":4},"end":{"line":336,"column":null}},"28":{"start":{"line":335,"column":6},"end":{"line":335,"column":null}},"29":{"start":{"line":338,"column":2},"end":{"line":338,"column":null}},"30":{"start":{"line":347,"column":47},"end":{"line":360,"column":null}},"31":{"start":{"line":362,"column":57},"end":{"line":362,"column":null}},"32":{"start":{"line":363,"column":2},"end":{"line":376,"column":null}},"33":{"start":{"line":364,"column":15},"end":{"line":364,"column":null}},"34":{"start":{"line":367,"column":45},"end":{"line":367,"column":null}},"35":{"start":{"line":368,"column":24},"end":{"line":368,"column":null}},"36":{"start":{"line":369,"column":4},"end":{"line":374,"column":null}},"37":{"start":{"line":370,"column":20},"end":{"line":372,"column":null}},"38":{"start":{"line":373,"column":6},"end":{"line":373,"column":null}},"39":{"start":{"line":375,"column":4},"end":{"line":375,"column":null}},"40":{"start":{"line":377,"column":2},"end":{"line":377,"column":null}}},"fnMap":{"0":{"name":"cssPrefixFor","decl":{"start":{"line":289,"column":9},"end":{"line":289,"column":22}},"loc":{"start":{"line":289,"column":50},"end":{"line":291,"column":null}},"line":289},"1":{"name":"generateCSSVariables","decl":{"start":{"line":297,"column":16},"end":{"line":297,"column":47}},"loc":{"start":{"line":297,"column":47},"end":{"line":308,"column":null}},"line":297},"2":{"name":"generateJSONTokens","decl":{"start":{"line":314,"column":16},"end":{"line":314,"column":106}},"loc":{"start":{"line":314,"column":106},"end":{"line":339,"column":null}},"line":314},"3":{"name":"generateTailwindConfig","decl":{"start":{"line":346,"column":16},"end":{"line":346,"column":81}},"loc":{"start":{"line":346,"column":81},"end":{"line":378,"column":null}},"line":346}},"branchMap":{"0":{"loc":{"start":{"line":300,"column":35},"end":{"line":300,"column":82}},"type":"cond-expr","locations":[{"start":{"line":300,"column":53},"end":{"line":300,"column":79}},{"start":{"line":300,"column":79},"end":{"line":300,"column":82}}],"line":300},"1":{"loc":{"start":{"line":333,"column":17},"end":{"line":333,"column":null}},"type":"binary-expr","locations":[{"start":{"line":333,"column":17},"end":{"line":333,"column":44}},{"start":{"line":333,"column":44},"end":{"line":333,"column":null}}],"line":333},"2":{"loc":{"start":{"line":364,"column":15},"end":{"line":364,"column":null}},"type":"binary-expr","locations":[{"start":{"line":364,"column":15},"end":{"line":364,"column":39}},{"start":{"line":364,"column":39},"end":{"line":364,"column":null}}],"line":364},"3":{"loc":{"start":{"line":370,"column":20},"end":{"line":372,"column":null}},"type":"cond-expr","locations":[{"start":{"line":371,"column":10},"end":{"line":371,"column":null}},{"start":{"line":372,"column":10},"end":{"line":372,"column":null}}],"line":370}},"s":{"0":1,"1":1,"2":1,"3":1,"4":1,"5":1,"6":1,"7":1,"8":1,"9":1,"10":1,"11":1,"12":1,"13":744,"14":3,"15":3,"16":36,"17":36,"18":372,"19":36,"20":3,"21":3,"22":2,"23":2,"24":2,"25":24,"26":24,"27":24,"28":248,"29":2,"30":3,"31":3,"32":3,"33":36,"34":36,"35":36,"36":36,"37":372,"38":372,"39":36,"40":3},"f":{"0":744,"1":3,"2":2,"3":3},"b":{"0":[36,0],"1":[24,0],"2":[36,0],"3":[147,225]},"meta":{"lastBranch":4,"lastFunction":4,"lastStatement":41,"seen":{"s:31:29:52:Infinity":0,"s:55:34:79:Infinity":1,"s:82:31:102:Infinity":2,"s:105:30:119:Infinity":3,"s:122:30:140:Infinity":4,"s:143:30:158:Infinity":5,"s:161:31:173:Infinity":6,"s:176:33:189:Infinity":7,"s:192:30:209:Infinity":8,"s:212:34:224:Infinity":9,"s:227:33:245:Infinity":10,"s:248:30:265:Infinity":11,"s:268:45:281:Infinity":12,"f:289:9:289:22":0,"s:290:2:290:Infinity":13,"f:297:16:297:47":1,"s:298:26:298:Infinity":14,"s:299:2:305:Infinity":15,"s:300:4:300:Infinity":16,"b:300:53:300:79:300:79:300:82":0,"s:301:4:303:Infinity":17,"s:302:6:302:Infinity":18,"s:304:4:304:Infinity":19,"s:306:2:306:Infinity":20,"s:307:2:307:Infinity":21,"f:314:16:314:106":2,"s:315:50:328:Infinity":22,"s:330:83:330:Infinity":23,"s:331:2:337:Infinity":24,"s:332:4:332:Infinity":25,"s:333:17:333:Infinity":26,"b:333:17:333:44:333:44:333:Infinity":1,"s:334:4:336:Infinity":27,"s:335:6:335:Infinity":28,"s:338:2:338:Infinity":29,"f:346:16:346:81":3,"s:347:47:360:Infinity":30,"s:362:57:362:Infinity":31,"s:363:2:376:Infinity":32,"s:364:15:364:Infinity":33,"b:364:15:364:39:364:39:364:Infinity":2,"s:367:45:367:Infinity":34,"s:368:24:368:Infinity":35,"s:369:4:374:Infinity":36,"s:370:20:372:Infinity":37,"b:371:10:371:Infinity:372:10:372:Infinity":3,"s:373:6:373:Infinity":38,"s:375:4:375:Infinity":39,"s:377:2:377:Infinity":40},"fnNames":{}}}
,"/home/z/my-project/src/lib/framework-adapters.ts": {"path":"/home/z/my-project/src/lib/framework-adapters.ts","statementMap":{"0":{"start":{"line":33,"column":60},"end":{"line":40,"column":null}},"1":{"start":{"line":47,"column":2},"end":{"line":47,"column":null}},"2":{"start":{"line":58,"column":14},"end":{"line":58,"column":null}},"3":{"start":{"line":59,"column":19},"end":{"line":59,"column":null}},"4":{"start":{"line":61,"column":2},"end":{"line":267,"column":null}},"5":{"start":{"line":274,"column":60},"end":{"line":277,"column":null}}},"fnMap":{"0":{"name":"classNameFor","decl":{"start":{"line":46,"column":9},"end":{"line":46,"column":22}},"loc":{"start":{"line":46,"column":48},"end":{"line":48,"column":null}},"line":46},"1":{"name":"getFrameworkExamples","decl":{"start":{"line":54,"column":16},"end":{"line":54,"column":null}},"loc":{"start":{"line":57,"column":22},"end":{"line":268,"column":null}},"line":57}},"branchMap":{"0":{"loc":{"start":{"line":59,"column":19},"end":{"line":59,"column":null}},"type":"binary-expr","locations":[{"start":{"line":59,"column":19},"end":{"line":59,"column":64}},{"start":{"line":59,"column":64},"end":{"line":59,"column":null}}],"line":59}},"s":{"0":1,"1":9,"2":9,"3":9,"4":9,"5":1},"f":{"0":9,"1":9},"b":{"0":[9,0]},"meta":{"lastBranch":1,"lastFunction":2,"lastStatement":6,"seen":{"s:33:60:40:Infinity":0,"f:46:9:46:22":0,"s:47:2:47:Infinity":1,"f:54:16:54:Infinity":1,"s:58:14:58:Infinity":2,"s:59:19:59:Infinity":3,"b:59:19:59:64:59:64:59:Infinity":0,"s:61:2:267:Infinity":4,"s:274:60:277:Infinity":5},"fnNames":{}}}
,"/home/z/my-project/src/lib/roycss-effects.ts": {"path":"/home/z/my-project/src/lib/roycss-effects.ts","statementMap":{"0":{"start":{"line":42,"column":36},"end":{"line":77,"column":null}},"1":{"start":{"line":80,"column":36},"end":{"line":82,"column":null}},"2":{"start":{"line":81,"column":14},"end":{"line":81,"column":23}}},"fnMap":{"0":{"name":"(anonymous_0)","decl":{"start":{"line":81,"column":3},"end":{"line":81,"column":8}},"loc":{"start":{"line":81,"column":14},"end":{"line":81,"column":23}},"line":81}},"branchMap":{},"s":{"0":5,"1":5,"2":7845},"f":{"0":7845},"b":{},"meta":{"lastBranch":0,"lastFunction":1,"lastStatement":3,"seen":{"s:42:36:77:Infinity":0,"s:80:36:82:Infinity":1,"f:81:3:81:8":0,"s:81:14:81:23":2},"fnNames":{}}}
,"/home/z/my-project/src/lib/roycss-index.ts": {"path":"/home/z/my-project/src/lib/roycss-index.ts","statementMap":{"0":{"start":{"line":33,"column":2},"end":{"line":33,"column":null}},"1":{"start":{"line":42,"column":17},"end":{"line":42,"column":null}},"2":{"start":{"line":42,"column":40},"end":{"line":42,"column":51}},"3":{"start":{"line":43,"column":2},"end":{"line":43,"column":null}},"4":{"start":{"line":51,"column":2},"end":{"line":51,"column":null}},"5":{"start":{"line":51,"column":34},"end":{"line":51,"column":57}},"6":{"start":{"line":59,"column":12},"end":{"line":59,"column":null}},"7":{"start":{"line":60,"column":2},"end":{"line":65,"column":null}},"8":{"start":{"line":62,"column":6},"end":{"line":64,"column":null}},"9":{"start":{"line":64,"column":25},"end":{"line":64,"column":52}},"10":{"start":{"line":73,"column":2},"end":{"line":73,"column":null}},"11":{"start":{"line":82,"column":2},"end":{"line":85,"column":null}},"12":{"start":{"line":83,"column":19},"end":{"line":83,"column":37}},"13":{"start":{"line":84,"column":16},"end":{"line":84,"column":25}}},"fnMap":{"0":{"name":"getClass","decl":{"start":{"line":32,"column":16},"end":{"line":32,"column":25}},"loc":{"start":{"line":32,"column":45},"end":{"line":34,"column":null}},"line":32},"1":{"name":"getCSS","decl":{"start":{"line":41,"column":16},"end":{"line":41,"column":23}},"loc":{"start":{"line":41,"column":43},"end":{"line":44,"column":null}},"line":41},"2":{"name":"(anonymous_2)","decl":{"start":{"line":42,"column":28},"end":{"line":42,"column":34}},"loc":{"start":{"line":42,"column":40},"end":{"line":42,"column":51}},"line":42},"3":{"name":"getByCategory","decl":{"start":{"line":50,"column":16},"end":{"line":50,"column":30}},"loc":{"start":{"line":50,"column":69},"end":{"line":52,"column":null}},"line":50},"4":{"name":"(anonymous_4)","decl":{"start":{"line":51,"column":20},"end":{"line":51,"column":28}},"loc":{"start":{"line":51,"column":34},"end":{"line":51,"column":57}},"line":51},"5":{"name":"search","decl":{"start":{"line":58,"column":16},"end":{"line":58,"column":23}},"loc":{"start":{"line":58,"column":51},"end":{"line":66,"column":null}},"line":58},"6":{"name":"(anonymous_6)","decl":{"start":{"line":60,"column":20},"end":{"line":60,"column":null}},"loc":{"start":{"line":62,"column":6},"end":{"line":64,"column":null}},"line":62},"7":{"name":"(anonymous_7)","decl":{"start":{"line":64,"column":13},"end":{"line":64,"column":19}},"loc":{"start":{"line":64,"column":25},"end":{"line":64,"column":52}},"line":64},"8":{"name":"getAllCSS","decl":{"start":{"line":72,"column":16},"end":{"line":72,"column":36}},"loc":{"start":{"line":72,"column":36},"end":{"line":74,"column":null}},"line":72},"9":{"name":"getCSSForEffects","decl":{"start":{"line":81,"column":16},"end":{"line":81,"column":33}},"loc":{"start":{"line":81,"column":56},"end":{"line":86,"column":null}},"line":81},"10":{"name":"(anonymous_10)","decl":{"start":{"line":83,"column":5},"end":{"line":83,"column":13}},"loc":{"start":{"line":83,"column":19},"end":{"line":83,"column":37}},"line":83},"11":{"name":"(anonymous_11)","decl":{"start":{"line":84,"column":5},"end":{"line":84,"column":10}},"loc":{"start":{"line":84,"column":16},"end":{"line":84,"column":25}},"line":84}},"branchMap":{"0":{"loc":{"start":{"line":43,"column":9},"end":{"line":43,"column":null}},"type":"binary-expr","locations":[{"start":{"line":43,"column":9},"end":{"line":43,"column":28}},{"start":{"line":43,"column":28},"end":{"line":43,"column":null}}],"line":43},"1":{"loc":{"start":{"line":62,"column":6},"end":{"line":64,"column":null}},"type":"binary-expr","locations":[{"start":{"line":62,"column":6},"end":{"line":62,"column":null}},{"start":{"line":63,"column":6},"end":{"line":63,"column":null}},{"start":{"line":64,"column":6},"end":{"line":64,"column":null}}],"line":62}},"s":{"0":4,"1":3,"2":3139,"3":3,"4":2,"5":3138,"6":3,"7":3,"8":4707,"9":12008,"10":2,"11":4,"12":6276,"13":4},"f":{"0":4,"1":3,"2":3139,"3":2,"4":3138,"5":3,"6":4707,"7":12008,"8":2,"9":4,"10":6276,"11":4},"b":{"0":[3,2],"1":[4707,3096,3034]},"meta":{"lastBranch":2,"lastFunction":12,"lastStatement":14,"seen":{"f:32:16:32:25":0,"s:33:2:33:Infinity":0,"f:41:16:41:23":1,"s:42:17:42:Infinity":1,"f:42:28:42:34":2,"s:42:40:42:51":2,"s:43:2:43:Infinity":3,"b:43:9:43:28:43:28:43:Infinity":0,"f:50:16:50:30":3,"s:51:2:51:Infinity":4,"f:51:20:51:28":4,"s:51:34:51:57":5,"f:58:16:58:23":5,"s:59:12:59:Infinity":6,"s:60:2:65:Infinity":7,"f:60:20:60:Infinity":6,"s:62:6:64:Infinity":8,"b:62:6:62:Infinity:63:6:63:Infinity:64:6:64:Infinity":1,"f:64:13:64:19":7,"s:64:25:64:52":9,"f:72:16:72:36":8,"s:73:2:73:Infinity":10,"f:81:16:81:33":9,"s:82:2:85:Infinity":11,"f:83:5:83:13":10,"s:83:19:83:37":12,"f:84:5:84:10":11,"s:84:16:84:25":13},"fnNames":{}}}
,"/home/z/my-project/src/lib/roycss-patterns.ts": {"path":"/home/z/my-project/src/lib/roycss-patterns.ts","statementMap":{"0":{"start":{"line":14,"column":91},"end":{"line":18,"column":null}},"1":{"start":{"line":20,"column":36},"end":{"line":20,"column":null}},"2":{"start":{"line":22,"column":35},"end":{"line":167,"column":null}},"3":{"start":{"line":170,"column":12},"end":{"line":170,"column":null}},"4":{"start":{"line":171,"column":16},"end":{"line":171,"column":null}},"5":{"start":{"line":172,"column":2},"end":{"line":172,"column":null}},"6":{"start":{"line":172,"column":16},"end":{"line":172,"column":null}},"7":{"start":{"line":172,"column":46},"end":{"line":172,"column":69}},"8":{"start":{"line":173,"column":2},"end":{"line":173,"column":null}},"9":{"start":{"line":173,"column":9},"end":{"line":173,"column":null}},"10":{"start":{"line":173,"column":39},"end":{"line":173,"column":204}},"11":{"start":{"line":173,"column":176},"end":{"line":173,"column":203}},"12":{"start":{"line":174,"column":2},"end":{"line":174,"column":null}}},"fnMap":{"0":{"name":"searchPatterns","decl":{"start":{"line":169,"column":16},"end":{"line":169,"column":31}},"loc":{"start":{"line":169,"column":72},"end":{"line":175,"column":null}},"line":169},"1":{"name":"(anonymous_1)","decl":{"start":{"line":172,"column":34},"end":{"line":172,"column":41}},"loc":{"start":{"line":172,"column":46},"end":{"line":172,"column":69}},"line":172},"2":{"name":"(anonymous_2)","decl":{"start":{"line":173,"column":27},"end":{"line":173,"column":34}},"loc":{"start":{"line":173,"column":39},"end":{"line":173,"column":204}},"line":173},"3":{"name":"(anonymous_3)","decl":{"start":{"line":173,"column":166},"end":{"line":173,"column":171}},"loc":{"start":{"line":173,"column":176},"end":{"line":173,"column":203}},"line":173}},"branchMap":{"0":{"loc":{"start":{"line":172,"column":2},"end":{"line":172,"column":null}},"type":"if","locations":[{"start":{"line":172,"column":2},"end":{"line":172,"column":null}},{"start":{},"end":{}}],"line":172},"1":{"loc":{"start":{"line":173,"column":2},"end":{"line":173,"column":null}},"type":"if","locations":[{"start":{"line":173,"column":2},"end":{"line":173,"column":null}},{"start":{},"end":{}}],"line":173},"2":{"loc":{"start":{"line":173,"column":39},"end":{"line":173,"column":204}},"type":"binary-expr","locations":[{"start":{"line":173,"column":39},"end":{"line":173,"column":75}},{"start":{"line":173,"column":75},"end":{"line":173,"column":118}},{"start":{"line":173,"column":118},"end":{"line":173,"column":159}},{"start":{"line":173,"column":159},"end":{"line":173,"column":204}}],"line":173}},"s":{"0":1,"1":1,"2":1,"3":13,"4":13,"5":13,"6":4,"7":40,"8":13,"9":5,"10":45,"11":128,"12":13},"f":{"0":13,"1":40,"2":45,"3":128},"b":{"0":[4,9],"1":[5,8],"2":[45,32,32,32]},"meta":{"lastBranch":3,"lastFunction":4,"lastStatement":13,"seen":{"s:14:91:18:Infinity":0,"s:20:36:20:Infinity":1,"s:22:35:167:Infinity":2,"f:169:16:169:31":0,"s:170:12:170:Infinity":3,"s:171:16:171:Infinity":4,"b:172:2:172:Infinity:undefined:undefined:undefined:undefined":0,"s:172:2:172:Infinity":5,"s:172:16:172:Infinity":6,"f:172:34:172:41":1,"s:172:46:172:69":7,"b:173:2:173:Infinity:undefined:undefined:undefined:undefined":1,"s:173:2:173:Infinity":8,"s:173:9:173:Infinity":9,"f:173:27:173:34":2,"s:173:39:173:204":10,"b:173:39:173:75:173:75:173:118:173:118:173:159:173:159:173:204":2,"f:173:166:173:171":3,"s:173:176:173:203":11,"s:174:2:174:Infinity":12},"fnNames":{}}}
,"/home/z/my-project/src/lib/roycss-recipes.ts": {"path":"/home/z/my-project/src/lib/roycss-recipes.ts","statementMap":{"0":{"start":{"line":35,"column":2},"end":{"line":35,"column":null}},"1":{"start":{"line":35,"column":29},"end":{"line":35,"column":40}},"2":{"start":{"line":35,"column":65},"end":{"line":35,"column":82}},"3":{"start":{"line":42,"column":90},"end":{"line":51,"column":null}},"4":{"start":{"line":53,"column":35},"end":{"line":62,"column":null}},"5":{"start":{"line":68,"column":33},"end":{"line":289,"column":null}},"6":{"start":{"line":296,"column":17},"end":{"line":296,"column":null}},"7":{"start":{"line":296,"column":37},"end":{"line":296,"column":54}},"8":{"start":{"line":297,"column":2},"end":{"line":297,"column":null}},"9":{"start":{"line":297,"column":15},"end":{"line":297,"column":null}},"10":{"start":{"line":299,"column":24},"end":{"line":309,"column":null}},"11":{"start":{"line":301,"column":21},"end":{"line":301,"column":null}},"12":{"start":{"line":302,"column":6},"end":{"line":302,"column":null}},"13":{"start":{"line":302,"column":19},"end":{"line":302,"column":null}},"14":{"start":{"line":303,"column":6},"end":{"line":307,"column":null}},"15":{"start":{"line":311,"column":2},"end":{"line":314,"column":null}},"16":{"start":{"line":322,"column":12},"end":{"line":322,"column":null}},"17":{"start":{"line":323,"column":16},"end":{"line":323,"column":null}},"18":{"start":{"line":325,"column":2},"end":{"line":327,"column":null}},"19":{"start":{"line":326,"column":4},"end":{"line":326,"column":null}},"20":{"start":{"line":326,"column":36},"end":{"line":326,"column":59}},"21":{"start":{"line":329,"column":2},"end":{"line":337,"column":null}},"22":{"start":{"line":330,"column":4},"end":{"line":336,"column":null}},"23":{"start":{"line":332,"column":8},"end":{"line":335,"column":null}},"24":{"start":{"line":339,"column":2},"end":{"line":339,"column":null}}},"fnMap":{"0":{"name":"findEffect","decl":{"start":{"line":34,"column":9},"end":{"line":34,"column":20}},"loc":{"start":{"line":34,"column":55},"end":{"line":36,"column":null}},"line":34},"1":{"name":"(anonymous_1)","decl":{"start":{"line":35,"column":17},"end":{"line":35,"column":23}},"loc":{"start":{"line":35,"column":29},"end":{"line":35,"column":40}},"line":35},"2":{"name":"(anonymous_2)","decl":{"start":{"line":35,"column":53},"end":{"line":35,"column":59}},"loc":{"start":{"line":35,"column":65},"end":{"line":35,"column":82}},"line":35},"3":{"name":"getRecipeWithEffects","decl":{"start":{"line":295,"column":16},"end":{"line":295,"column":37}},"loc":{"start":{"line":295,"column":55},"end":{"line":315,"column":null}},"line":295},"4":{"name":"(anonymous_4)","decl":{"start":{"line":296,"column":25},"end":{"line":296,"column":31}},"loc":{"start":{"line":296,"column":37},"end":{"line":296,"column":54}},"line":296},"5":{"name":"(anonymous_5)","decl":{"start":{"line":300,"column":5},"end":{"line":300,"column":10}},"loc":{"start":{"line":300,"column":17},"end":{"line":308,"column":5}},"line":300},"6":{"name":"searchRecipes","decl":{"start":{"line":321,"column":16},"end":{"line":321,"column":30}},"loc":{"start":{"line":321,"column":64},"end":{"line":340,"column":null}},"line":321},"7":{"name":"(anonymous_7)","decl":{"start":{"line":326,"column":22},"end":{"line":326,"column":30}},"loc":{"start":{"line":326,"column":36},"end":{"line":326,"column":59}},"line":326},"8":{"name":"(anonymous_8)","decl":{"start":{"line":330,"column":22},"end":{"line":330,"column":null}},"loc":{"start":{"line":332,"column":8},"end":{"line":335,"column":null}},"line":332}},"branchMap":{"0":{"loc":{"start":{"line":35,"column":9},"end":{"line":35,"column":null}},"type":"binary-expr","locations":[{"start":{"line":35,"column":9},"end":{"line":35,"column":45}},{"start":{"line":35,"column":45},"end":{"line":35,"column":null}}],"line":35},"1":{"loc":{"start":{"line":297,"column":2},"end":{"line":297,"column":null}},"type":"if","locations":[{"start":{"line":297,"column":2},"end":{"line":297,"column":null}},{"start":{},"end":{}}],"line":297},"2":{"loc":{"start":{"line":302,"column":6},"end":{"line":302,"column":null}},"type":"if","locations":[{"start":{"line":302,"column":6},"end":{"line":302,"column":null}},{"start":{},"end":{}}],"line":302},"3":{"loc":{"start":{"line":325,"column":2},"end":{"line":327,"column":null}},"type":"if","locations":[{"start":{"line":325,"column":2},"end":{"line":327,"column":null}},{"start":{},"end":{}}],"line":325},"4":{"loc":{"start":{"line":329,"column":2},"end":{"line":337,"column":null}},"type":"if","locations":[{"start":{"line":329,"column":2},"end":{"line":337,"column":null}},{"start":{},"end":{}}],"line":329},"5":{"loc":{"start":{"line":332,"column":8},"end":{"line":335,"column":null}},"type":"binary-expr","locations":[{"start":{"line":332,"column":8},"end":{"line":332,"column":null}},{"start":{"line":333,"column":8},"end":{"line":333,"column":null}},{"start":{"line":334,"column":8},"end":{"line":334,"column":null}},{"start":{"line":335,"column":8},"end":{"line":335,"column":null}}],"line":332}},"s":{"0":6,"1":466,"2":0,"3":1,"4":1,"5":1,"6":3,"7":14,"8":3,"9":1,"10":2,"11":6,"12":6,"13":0,"14":6,"15":2,"16":10,"17":10,"18":10,"19":4,"20":48,"21":10,"22":5,"23":50,"24":10},"f":{"0":6,"1":466,"2":0,"3":3,"4":14,"5":6,"6":10,"7":48,"8":50},"b":{"0":[6,0],"1":[1,2],"2":[0,6],"3":[4,6],"4":[5,5],"5":[50,41,38,37]},"meta":{"lastBranch":6,"lastFunction":9,"lastStatement":25,"seen":{"f:34:9:34:20":0,"s:35:2:35:Infinity":0,"b:35:9:35:45:35:45:35:Infinity":0,"f:35:17:35:23":1,"s:35:29:35:40":1,"f:35:53:35:59":2,"s:35:65:35:82":2,"s:42:90:51:Infinity":3,"s:53:35:62:Infinity":4,"s:68:33:289:Infinity":5,"f:295:16:295:37":3,"s:296:17:296:Infinity":6,"f:296:25:296:31":4,"s:296:37:296:54":7,"b:297:2:297:Infinity:undefined:undefined:undefined:undefined":1,"s:297:2:297:Infinity":8,"s:297:15:297:Infinity":9,"s:299:24:309:Infinity":10,"f:300:5:300:10":5,"s:301:21:301:Infinity":11,"b:302:6:302:Infinity:undefined:undefined:undefined:undefined":2,"s:302:6:302:Infinity":12,"s:302:19:302:Infinity":13,"s:303:6:307:Infinity":14,"s:311:2:314:Infinity":15,"f:321:16:321:30":6,"s:322:12:322:Infinity":16,"s:323:16:323:Infinity":17,"b:325:2:327:Infinity:undefined:undefined:undefined:undefined":3,"s:325:2:327:Infinity":18,"s:326:4:326:Infinity":19,"f:326:22:326:30":7,"s:326:36:326:59":20,"b:329:2:337:Infinity:undefined:undefined:undefined:undefined":4,"s:329:2:337:Infinity":21,"s:330:4:336:Infinity":22,"f:330:22:330:Infinity":8,"s:332:8:335:Infinity":23,"b:332:8:332:Infinity:333:8:333:Infinity:334:8:334:Infinity:335:8:335:Infinity":5,"s:339:2:339:Infinity":24},"fnNames":{}}}
,"/home/z/my-project/src/lib/roycss-types.ts": {"path":"/home/z/my-project/src/lib/roycss-types.ts","statementMap":{"0":{"start":{"line":48,"column":4},"end":{"line":169,"column":null}},"1":{"start":{"line":171,"column":47},"end":{"line":192,"column":null}}},"fnMap":{},"branchMap":{},"s":{"0":5,"1":5},"f":{},"b":{},"meta":{"lastBranch":0,"lastFunction":0,"lastStatement":2,"seen":{"s:48:4:169:Infinity":0,"s:171:47:192:Infinity":1},"fnNames":{}}}
}
